gyp info it worked if it ends with ok
gyp info using node-gyp@7.1.2
gyp info using node@16.0.0 | darwin | x64
gyp info find Python using Python version 3.9.4 found at "/usr/local/opt/python@3.9/bin/python3.9"
gyp http GET https://nodejs.org/download/release/v16.0.0/node-v16.0.0-headers.tar.gz
gyp http 200 https://nodejs.org/download/release/v16.0.0/node-v16.0.0-headers.tar.gz
gyp http GET https://nodejs.org/download/release/v16.0.0/SHASUMS256.txt
gyp http 200 https://nodejs.org/download/release/v16.0.0/SHASUMS256.txt
(node:12108) [DEP0150] DeprecationWarning: Setting process.config is deprecated. In the future the property will be read-only.
(Use `node --trace-deprecation ...` to show where the warning was created)
gyp info spawn /usr/local/opt/python@3.9/bin/python3.9
gyp info spawn args [
gyp info spawn args   '/usr/local/lib/node_modules/npm/node_modules/node-gyp/gyp/gyp_main.py',
gyp info spawn args   'binding.gyp',
gyp info spawn args   '-f',
gyp info spawn args   'make',
gyp info spawn args   '-I',
gyp info spawn args   '/Users/nonodev96/PhpstormProjects/iFridge/mqtt-server/node_modules/create-stream-server/node_modules/websocket-stream/node_modules/ws/build/config.gypi',
gyp info spawn args   '-I',
gyp info spawn args   '/usr/local/lib/node_modules/npm/node_modules/node-gyp/addon.gypi',
gyp info spawn args   '-I',
gyp info spawn args   '/Users/nonodev96/Library/Caches/node-gyp/16.0.0/include/node/common.gypi',
gyp info spawn args   '-Dlibrary=shared_library',
gyp info spawn args   '-Dvisibility=default',
gyp info spawn args   '-Dnode_root_dir=/Users/nonodev96/Library/Caches/node-gyp/16.0.0',
gyp info spawn args   '-Dnode_gyp_dir=/usr/local/lib/node_modules/npm/node_modules/node-gyp',
gyp info spawn args   '-Dnode_lib_file=/Users/nonodev96/Library/Caches/node-gyp/16.0.0/<(target_arch)/node.lib',
gyp info spawn args   '-Dmodule_root_dir=/Users/nonodev96/PhpstormProjects/iFridge/mqtt-server/node_modules/create-stream-server/node_modules/websocket-stream/node_modules/ws',
gyp info spawn args   '-Dnode_engine=v8',
gyp info spawn args   '--depth=.',
gyp info spawn args   '--no-parallel',
gyp info spawn args   '--generator-output',
gyp info spawn args   'build',
gyp info spawn args   '-Goutput_dir=.'
gyp info spawn args ]
gyp info spawn make
gyp info spawn args [ 'BUILDTYPE=Release', '-C', 'build' ]
In file included from ../src/bufferutil.cc:15:
../../nan/nan.h:79:9: error: no template named 'Handle' in namespace 'v8'
  , v8::Handle<v8::String> opt, bool def
    ~~~~^
../../nan/nan.h:94:9: error: no template named 'Handle' in namespace 'v8'
  , v8::Handle<v8::String> opt
    ~~~~^
../../nan/nan.h:101:9: error: no template named 'Handle' in namespace 'v8'
  , v8::Handle<v8::String> opt
    ~~~~^
../../nan/nan.h:112:25: error: no member named 'Handle' in namespace 'v8'
v8::Local<T> NanNew(v8::Handle<T>);
                    ~~~~^
../../nan/nan.h:112:32: error: 'T' does not refer to a value
v8::Local<T> NanNew(v8::Handle<T>);
                               ^
../../nan/nan.h:111:19: note: declared here
template<typename T>
                  ^
../../nan/nan.h:112:34: error: expected expression
v8::Local<T> NanNew(v8::Handle<T>);
                                 ^
../../nan/nan.h:115:1: warning: inline variables are a C++17 extension [-Wc++17-extensions]
NAN_INLINE v8::Local<T> _NanEnsureLocal(v8::Handle<T> val) {
^
../../nan/nan.h:35:21: note: expanded from macro 'NAN_INLINE'
# define NAN_INLINE inline __attribute__((always_inline))
                    ^
../../nan/nan.h:115:1: warning: 'always_inline' attribute only applies to functions [-Wignored-attributes]
../../nan/nan.h:35:43: note: expanded from macro 'NAN_INLINE'
# define NAN_INLINE inline __attribute__((always_inline))
                                          ^
../../nan/nan.h:115:45: error: no member named 'Handle' in namespace 'v8'
NAN_INLINE v8::Local<T> _NanEnsureLocal(v8::Handle<T> val) {
                                        ~~~~^
../../nan/nan.h:115:52: error: 'T' does not refer to a value
NAN_INLINE v8::Local<T> _NanEnsureLocal(v8::Handle<T> val) {
                                                   ^
../../nan/nan.h:114:19: note: declared here
template<typename T>
                  ^
../../nan/nan.h:115:55: error: use of undeclared identifier 'val'
NAN_INLINE v8::Local<T> _NanEnsureLocal(v8::Handle<T> val) {
                                                      ^
../../nan/nan.h:115:59: error: expected ';' at end of declaration
NAN_INLINE v8::Local<T> _NanEnsureLocal(v8::Handle<T> val) {
                                                          ^
                                                          ;
../../nan/nan.h:115:60: error: expected unqualified-id
NAN_INLINE v8::Local<T> _NanEnsureLocal(v8::Handle<T> val) {
                                                           ^
../../nan/nan.h:120:25: error: redefinition of '_NanEnsureLocal' as different kind of symbol
NAN_INLINE v8::Local<T> _NanEnsureLocal(v8::Local<T> val) {
                        ^
../../nan/nan.h:115:25: note: previous definition is here
NAN_INLINE v8::Local<T> _NanEnsureLocal(v8::Handle<T> val) {
                        ^
../../nan/nan.h:193:27: error: redefinition of 'NanNew' as different kind of symbol
  NAN_INLINE v8::Local<T> NanNew() {
                          ^
../../nan/nan.h:112:14: note: previous definition is here
v8::Local<T> NanNew(v8::Handle<T>);
             ^
../../nan/nan.h:198:27: error: redefinition of 'NanNew' as different kind of symbol
  NAN_INLINE v8::Local<T> NanNew(P arg1) {
                          ^
../../nan/nan.h:112:14: note: previous definition is here
v8::Local<T> NanNew(v8::Handle<T>);
             ^
../../nan/nan.h:203:3: warning: inline variables are a C++17 extension [-Wc++17-extensions]
  NAN_INLINE v8::Local<v8::Signature> NanNew(
  ^
../../nan/nan.h:35:21: note: expanded from macro 'NAN_INLINE'
# define NAN_INLINE inline __attribute__((always_inline))
                    ^
../../nan/nan.h:203:3: warning: 'always_inline' attribute only applies to functions [-Wignored-attributes]
../../nan/nan.h:35:43: note: expanded from macro 'NAN_INLINE'
# define NAN_INLINE inline __attribute__((always_inline))
                                          ^
../../nan/nan.h:203:39: error: redefinition of 'NanNew' with a different type: 'Local<v8::Signature>' vs 'Local<T>'
  NAN_INLINE v8::Local<v8::Signature> NanNew(
                                      ^
../../nan/nan.h:112:14: note: previous definition is here
v8::Local<T> NanNew(v8::Handle<T>);
             ^
../../nan/nan.h:204:11: error: no member named 'Handle' in namespace 'v8'
      v8::Handle<v8::FunctionTemplate> receiver
      ~~~~^
../../nan/nan.h:204:38: error: expected '(' for function-style cast or type construction
      v8::Handle<v8::FunctionTemplate> receiver
                 ~~~~~~~~~~~~~~~~~~~~^
../../nan/nan.h:204:40: error: use of undeclared identifier 'receiver'
      v8::Handle<v8::FunctionTemplate> receiver
                                       ^
../../nan/nan.h:205:11: error: expected '(' for function-style cast or type construction
    , int argc
      ~~~ ^
fatal error: too many errors emitted, stopping now [-ferror-limit=]
4 warnings and 20 errors generated.
make: *** [Release/obj.target/bufferutil/src/bufferutil.o] Error 1
gyp ERR! build error 
gyp ERR! stack Error: `make` failed with exit code: 2
gyp ERR! stack     at ChildProcess.onExit (/usr/local/lib/node_modules/npm/node_modules/node-gyp/lib/build.js:194:23)
gyp ERR! stack     at ChildProcess.emit (node:events:365:28)
gyp ERR! stack     at Process.ChildProcess._handle.onexit (node:internal/child_process:290:12)
gyp ERR! System Darwin 20.3.0
gyp ERR! command "/usr/local/Cellar/node/16.0.0_1/bin/node" "/usr/local/lib/node_modules/npm/node_modules/node-gyp/bin/node-gyp.js" "rebuild"
gyp ERR! cwd /Users/nonodev96/PhpstormProjects/iFridge/mqtt-server/node_modules/create-stream-server/node_modules/websocket-stream/node_modules/ws
gyp ERR! node -v v16.0.0
gyp ERR! node-gyp -v v7.1.2
gyp ERR! not ok 
